<?xml version="1.0" encoding="UTF-8"?>
<testng-results ignored="0" total="1" passed="1" failed="0" skipped="0">
  <reporter-output>
  </reporter-output>
  <suite started-at="2021-10-13T09:44:24Z" name="Default suite" finished-at="2021-10-13T09:44:31Z" duration-ms="7788">
    <groups>
    </groups>
    <test started-at="2021-10-13T09:44:24Z" name="Default test" finished-at="2021-10-13T09:44:31Z" duration-ms="7788">
      <class name="loginTests.SeleniumDev">
        <test-method is-config="true" signature="beforeTest()[pri:0, instance:loginTests.SeleniumDev@119cbf96]" started-at="2021-10-13T09:44:24Z" name="beforeTest" finished-at="2021-10-13T09:44:27Z" duration-ms="3725" status="PASS">
          <reporter-output>
          </reporter-output>
        </test-method> <!-- beforeTest -->
        <test-method signature="titleTest()[pri:0, instance:loginTests.SeleniumDev@119cbf96]" started-at="2021-10-13T09:44:27Z" name="titleTest" finished-at="2021-10-13T09:44:29Z" duration-ms="1738" status="PASS">
          <reporter-output>
          </reporter-output>
        </test-method> <!-- titleTest -->
        <test-method is-config="true" signature="afterTest()[pri:0, instance:loginTests.SeleniumDev@119cbf96]" started-at="2021-10-13T09:44:29Z" name="afterTest" finished-at="2021-10-13T09:44:31Z" duration-ms="2283" status="PASS">
          <reporter-output>
          </reporter-output>
        </test-method> <!-- afterTest -->
      </class> <!-- loginTests.SeleniumDev -->
    </test> <!-- Default test -->
  </suite> <!-- Default suite -->
</testng-results>
